<?xml version="1.0" encoding="UTF-8"?>
<!-- Generated by org.testng.reporters.JUnitReportReporter -->
<testsuite hostname="DESKTOP-O5BDQNS" failures="0" tests="2" name="testing.OrangeHRM1" time="32.573" errors="0" timestamp="2024-06-11T16:30:00 IST" skipped="0">
  <testcase classname="testing.OrangeHRM1" name="testLogin" time="18.706"/>
  <testcase classname="testing.OrangeHRM1" name="testLogin" time="13.867"/>
</testsuite> <!-- testing.OrangeHRM1 -->
