<?xml version="1.0" encoding="UTF-8"?>
<!-- Generated by org.testng.reporters.JUnitReportReporter -->
<testsuite hostname="DESKTOP-O5BDQNS" failures="0" tests="3" name="paralleltest.TestClass2" time="0.008" errors="0" timestamp="2024-06-16T15:34:36 IST" skipped="0">
  <testcase classname="paralleltest.TestClass2" name="parallelTestMethod4" time="0.002"/>
  <testcase classname="paralleltest.TestClass2" name="parallelTestMethod6" time="0.002"/>
  <testcase classname="paralleltest.TestClass2" name="parallelTestMethod5" time="0.004"/>
</testsuite> <!-- paralleltest.TestClass2 -->
