<?xml version="1.0" encoding="UTF-8"?>
<!-- Generated by org.testng.reporters.JUnitReportReporter -->
<testsuite hostname="DESKTOP-O5BDQNS" failures="0" tests="1" name="testing.TestCase1" time="3.274" errors="0" timestamp="2024-06-08T08:32:43 IST" skipped="0">
  <testcase classname="testing.TestCase1" name="method" time="3.274"/>
</testsuite> <!-- testing.TestCase1 -->
