<?xml version="1.0" encoding="UTF-8"?>
<!-- Generated by org.testng.reporters.JUnitReportReporter -->
<testsuite hostname="DESKTOP-O5BDQNS" failures="0" tests="3" name="testing.BasicTest2" time="0.012" errors="0" timestamp="2024-06-11T11:31:40 IST" skipped="0">
  <testcase classname="testing.BasicTest2" name="login" time="0.002"/>
  <testcase classname="testing.BasicTest2" name="login" time="0.002"/>
  <testcase classname="testing.BasicTest2" name="login" time="0.008"/>
</testsuite> <!-- testing.BasicTest2 -->
