<?xml version="1.0" encoding="UTF-8"?>
<!-- Generated by org.testng.reporters.JUnitReportReporter -->
<testsuite hostname="DESKTOP-O5BDQNS" failures="0" tests="4" name="paralleltest.TestClass3" time="0.007" errors="0" timestamp="2024-06-16T15:15:36 IST" skipped="0">
  <testcase classname="paralleltest.TestClass3" name="testMethod10" time="0.002"/>
  <testcase classname="paralleltest.TestClass3" name="testMethod8" time="0.001"/>
  <testcase classname="paralleltest.TestClass3" name="testMethod7" time="0.002"/>
  <testcase classname="paralleltest.TestClass3" name="testMethod9" time="0.002"/>
</testsuite> <!-- paralleltest.TestClass3 -->
