<?xml version="1.0" encoding="UTF-8"?>
<!-- Generated by org.testng.reporters.JUnitReportReporter -->
<testsuite hostname="DESKTOP-O5BDQNS" failures="0" tests="1" name="testing.GoogleTestCase" time="2.261" errors="0" timestamp="2024-06-08T16:09:16 IST" skipped="0">
  <testcase classname="testing.GoogleTestCase" name="launchApp" time="2.261"/>
</testsuite> <!-- testing.GoogleTestCase -->
