<?xml version="1.0" encoding="UTF-8"?>
<!-- Generated by org.testng.reporters.JUnitReportReporter -->
<testsuite hostname="DESKTOP-O5BDQNS" failures="0" tests="2" name="testing.AnnotationsTest" time="0.011" errors="0" timestamp="2024-06-15T12:13:18 IST" skipped="0">
  <testcase classname="testing.AnnotationsTest" name="testMethod1" time="0.007"/>
  <testcase classname="testing.AnnotationsTest" name="testMethod2" time="0.004"/>
</testsuite> <!-- testing.AnnotationsTest -->
