<?xml version="1.0" encoding="UTF-8"?>
<!-- Generated by org.testng.reporters.JUnitReportReporter -->
<testsuite hostname="DESKTOP-O5BDQNS" failures="0" tests="3" name="paralleltest.TestClass1" time="0.034" errors="0" timestamp="2024-06-16T15:15:36 IST" skipped="0">
  <testcase classname="paralleltest.TestClass1" name="parallelTestMethod1" time="0.015"/>
  <testcase classname="paralleltest.TestClass1" name="parallelTestMethod2" time="0.015"/>
  <testcase classname="paralleltest.TestClass1" name="parallelTestMethod3" time="0.004"/>
</testsuite> <!-- paralleltest.TestClass1 -->
