<?xml version="1.0" encoding="UTF-8"?>
<!-- Generated by org.testng.reporters.JUnitReportReporter -->
<testsuite hostname="DESKTOP-O5BDQNS" failures="0" tests="3" name="grouptests.Test1" time="0.004" errors="0" timestamp="2024-06-10T16:30:48 IST" skipped="0">
  <testcase classname="grouptests.Test1" name="testMethod1" time="0.001"/>
  <testcase classname="grouptests.Test1" name="testMethod3" time="0.001"/>
  <testcase classname="grouptests.Test1" name="testMethod2" time="0.002"/>
</testsuite> <!-- grouptests.Test1 -->
