<?xml version="1.0" encoding="UTF-8"?>
<!-- Generated by org.testng.reporters.JUnitReportReporter -->
<testsuite hostname="DESKTOP-O5BDQNS" failures="0" tests="1" name="grouptests.Test2" time="0.002" errors="0" timestamp="2024-06-09T14:25:54 IST" skipped="0">
  <testcase classname="grouptests.Test2" name="testMethod4" time="0.002"/>
</testsuite> <!-- grouptests.Test2 -->
