<?xml version="1.0" encoding="UTF-8"?>
<!-- Generated by org.testng.reporters.JUnitReportReporter -->
<testsuite hostname="DESKTOP-O5BDQNS" failures="0" tests="2" name="testing.TestDependency" time="0.014" errors="0" timestamp="2024-06-09T16:12:28 IST" skipped="0">
  <testcase classname="testing.TestDependency" name="cancelShipment" time="0.012"/>
  <testcase classname="testing.TestDependency" name="trackShipment" time="0.002"/>
</testsuite> <!-- testing.TestDependency -->
